<?xml version="1.0" encoding="UTF-8"?>
<!-- Generated by org.testng.reporters.JUnitXMLReporter -->
<testsuite ignored="1" hostname="LAPTOP-IR2R7PQ0" failures="0" tests="4" name="Default test" time="4.075" errors="0" timestamp="2023-04-11T16:31:26 IST">
  <testcase classname="UGitHub.attributes" name="bbinstant" time="0.011"/>
  <testcase classname="UGitHub.attributes" name="flipkart" time="0.001"/>
  <testcase classname="UGitHub.attributes" name="myntra" time="4.01"/>
  <testcase classname="UGitHub.attributes" name="amazon" time="0.003"/>
  <testcase classname="UGitHub.attributes" name="swiggy" time="0.0">
    <ignored/>
  </testcase> <!-- swiggy -->
</testsuite> <!-- Default test -->
