<?xml version="1.0" encoding="UTF-8"?>
<testng-results ignored="1" total="5" passed="4" failed="0" skipped="0">
  <reporter-output>
  </reporter-output>
  <suite started-at="2023-04-11T16:31:22 IST" name="Default suite" finished-at="2023-04-11T16:31:26 IST" duration-ms="4075">
    <groups>
    </groups>
    <test started-at="2023-04-11T16:31:22 IST" name="Default test" finished-at="2023-04-11T16:31:26 IST" duration-ms="4075">
      <class name="UGitHub.attributes">
        <test-method signature="bbinstant()[pri:0, instance:UGitHub.attributes@485966cc]" started-at="2023-04-11T16:31:22 IST" name="bbinstant" finished-at="2023-04-11T16:31:22 IST" duration-ms="11" status="PASS">
          <reporter-output>
          </reporter-output>
        </test-method> <!-- bbinstant -->
        <test-method signature="flipkart()[pri:0, instance:UGitHub.attributes@485966cc]" started-at="2023-04-11T16:31:22 IST" name="flipkart" finished-at="2023-04-11T16:31:22 IST" duration-ms="1" status="PASS">
          <reporter-output>
          </reporter-output>
        </test-method> <!-- flipkart -->
        <test-method signature="myntra()[pri:0, instance:UGitHub.attributes@485966cc]" started-at="2023-04-11T16:31:22 IST" name="myntra" finished-at="2023-04-11T16:31:26 IST" duration-ms="4010" status="PASS">
          <reporter-output>
          </reporter-output>
        </test-method> <!-- myntra -->
        <test-method signature="amazon()[pri:0, instance:UGitHub.attributes@485966cc]" started-at="2023-04-11T16:31:26 IST" name="amazon" finished-at="2023-04-11T16:31:26 IST" depends-on-methods="UGitHub.attributes.bbinstant, UGitHub.attributes.myntra" duration-ms="3" status="PASS">
          <reporter-output>
          </reporter-output>
        </test-method> <!-- amazon -->
      </class> <!-- UGitHub.attributes -->
    </test> <!-- Default test -->
  </suite> <!-- Default suite -->
</testng-results>
